part2_3/build/intermediates/manifest_merge_blame_file/debug/manifest-merger-blame-debug-report.txt
1<?xml version="1.0" encoding="utf-8"?>
2<manifest xmlns:android="http://schemas.android.com/apk/res/android"
3    package="com.example.part2_3"
4    android:versionCode="1"
5    android:versionName="1.0" >
6
7    <uses-sdk
8        android:minSdkVersion="16"
8-->src\main\AndroidManifest.xml
9        android:targetSdkVersion="30" />
9-->src\main\AndroidManifest.xml
10
11    <application
11-->src\main\AndroidManifest.xml:5:5-36:19
12        android:allowBackup="true"
12-->src\main\AndroidManifest.xml:6:9-35
13        android:appComponentFactory="androidx.core.app.CoreComponentFactory"
13-->[androidx.core:core:1.3.1] AndroidManifest.xml:24:18-86
14        android:debuggable="true"
15        android:icon="@mipmap/ic_launcher"
15-->src\main\AndroidManifest.xml:7:9-43
16        android:label="@string/app_name"
16-->src\main\AndroidManifest.xml:8:9-41
17        android:roundIcon="@mipmap/ic_launcher_round"
17-->src\main\AndroidManifest.xml:9:9-54
18        android:supportsRtl="true"
18-->src\main\AndroidManifest.xml:10:9-35
19        android:testOnly="true"
20        android:theme="@style/Theme.AndroidLab" >
20-->src\main\AndroidManifest.xml:11:9-48
21        <activity android:name="com.example.part2_3.Lab3_4Activity" >
21-->src\main\AndroidManifest.xml:12:9-17:20
21-->src\main\AndroidManifest.xml:12:19-49
22            <intent-filter>
22-->src\main\AndroidManifest.xml:13:13-16:29
23                <action android:name="android.intent.action.MAIN" />
23-->src\main\AndroidManifest.xml:14:17-69
23-->src\main\AndroidManifest.xml:14:25-66
24
25                <category android:name="android.intent.category.LAUNCHER" />
25-->src\main\AndroidManifest.xml:15:17-77
25-->src\main\AndroidManifest.xml:15:27-74
26            </intent-filter>
27        </activity>
28        <activity android:name="com.example.part2_3.Lab3_3Activity" >
28-->src\main\AndroidManifest.xml:18:9-23:20
28-->src\main\AndroidManifest.xml:18:19-49
29            <intent-filter>
29-->src\main\AndroidManifest.xml:13:13-16:29
30                <action android:name="android.intent.action.MAIN" />
30-->src\main\AndroidManifest.xml:14:17-69
30-->src\main\AndroidManifest.xml:14:25-66
31
32                <category android:name="android.intent.category.LAUNCHER" />
32-->src\main\AndroidManifest.xml:15:17-77
32-->src\main\AndroidManifest.xml:15:27-74
33            </intent-filter>
34        </activity>
35        <activity android:name="com.example.part2_3.Lab3_2Activity" >
35-->src\main\AndroidManifest.xml:24:9-29:20
35-->src\main\AndroidManifest.xml:24:19-49
36            <intent-filter>
36-->src\main\AndroidManifest.xml:13:13-16:29
37                <action android:name="android.intent.action.MAIN" />
37-->src\main\AndroidManifest.xml:14:17-69
37-->src\main\AndroidManifest.xml:14:25-66
38
39                <category android:name="android.intent.category.LAUNCHER" />
39-->src\main\AndroidManifest.xml:15:17-77
39-->src\main\AndroidManifest.xml:15:27-74
40            </intent-filter>
41        </activity>
42        <activity android:name="com.example.part2_3.MainActivity" >
42-->src\main\AndroidManifest.xml:30:9-35:20
42-->src\main\AndroidManifest.xml:30:19-47
43            <intent-filter>
43-->src\main\AndroidManifest.xml:13:13-16:29
44                <action android:name="android.intent.action.MAIN" />
44-->src\main\AndroidManifest.xml:14:17-69
44-->src\main\AndroidManifest.xml:14:25-66
45
46                <category android:name="android.intent.category.LAUNCHER" />
46-->src\main\AndroidManifest.xml:15:17-77
46-->src\main\AndroidManifest.xml:15:27-74
47            </intent-filter>
48        </activity>
49    </application>
50
51</manifest>